<?xml version="1.0" encoding="UTF-8"?>
<testng-results skipped="0" failed="0" ignored="0" total="1" passed="1">
  <reporter-output>
  </reporter-output>
  <suite name="RegressionTest" duration-ms="27" started-at="2022-03-14T04:26:53Z" finished-at="2022-03-14T04:26:53Z">
    <groups>
    </groups>
    <test name="LoginTest" duration-ms="27" started-at="2022-03-14T04:26:53Z" finished-at="2022-03-14T04:26:53Z">
      <class name="test.LoginTest">
        <test-method status="PASS" signature="open_the_LoginPage_Url()[pri:1, instance:test.LoginTest@27efef64]" name="open_the_LoginPage_Url" duration-ms="5" started-at="2022-03-14T04:26:53Z" finished-at="2022-03-14T04:26:53Z">
          <reporter-output>
          </reporter-output>
        </test-method> <!-- open_the_LoginPage_Url -->
      </class> <!-- test.LoginTest -->
    </test> <!-- LoginTest -->
  </suite> <!-- RegressionTest -->
</testng-results>
